<?xml version="1.0" encoding="UTF-8"?>
<!-- Generated by org.testng.reporters.JUnitXMLReporter -->
<testsuite ignored="0" hostname="Khaleds-MacBook-Pro.local" failures="0" tests="4" name="Test" time="0.018" errors="0" timestamp="09 Jun 2021 19:23:18 GMT">
  <testcase classname="testCases.Test1" name="test_login" time="0.004"/>
  <testcase classname="testCases.Test2" name="test_search" time="0.0"/>
  <testcase classname="testCases.Test1" name="test_logout" time="0.001"/>
  <testcase classname="testCases.Test2" name="test_advSearch" time="0.0"/>
</testsuite> <!-- Test -->
